app/build/outputs/logs/manifest-merger-debug-report.txt
-- Merging decision tree log ---
manifest
ADDED from src/main/AndroidManifest.xml:2:1-66:12
INJECTED from src/main/AndroidManifest.xml:2:1-66:12
INJECTED from src/main/AndroidManifest.xml:2:1-66:12
INJECTED from src/main/AndroidManifest.xml:2:1-66:12
INJECTED from src/main/AndroidManifest.xml:2:1-66:12
INJECTED from src/main/AndroidManifest.xml:2:1-66:12
INJECTED from src/main/AndroidManifest.xml:2:1-66:12
	package
		ADDED from src/main/AndroidManifest.xml:3:5-58
		INJECTED from src/main/AndroidManifest.xml
		INJECTED from src/main/AndroidManifest.xml
	android:versionName
		ADDED from src/main/AndroidManifest.xml:5:5-30
		INJECTED from src/main/AndroidManifest.xml
		INJECTED from src/main/AndroidManifest.xml
	xmlns:android
		ADDED from src/main/AndroidManifest.xml:2:11-69
	android:versionCode
		ADDED from src/main/AndroidManifest.xml:4:5-30
		INJECTED from src/main/AndroidManifest.xml
		INJECTED from src/main/AndroidManifest.xml
uses-feature#0x00020000
ADDED from src/main/AndroidManifest.xml:7:5-54
	android:glEsVersion
		ADDED from src/main/AndroidManifest.xml:7:19-51
uses-feature#android.hardware.camera
ADDED from src/main/AndroidManifest.xml:8:5-60
	android:name
		ADDED from src/main/AndroidManifest.xml:8:19-57
uses-permission#android.permission.CAMERA
ADDED from src/main/AndroidManifest.xml:9:5-65
	android:name
		ADDED from src/main/AndroidManifest.xml:9:22-62
uses-permission#android.permission.INTERNET
ADDED from src/main/AndroidManifest.xml:10:5-66
	android:name
		ADDED from src/main/AndroidManifest.xml:10:22-64
uses-permission#android.permission.ACCESS_NETWORK_STATE
ADDED from src/main/AndroidManifest.xml:11:5-79
	android:name
		ADDED from src/main/AndroidManifest.xml:11:22-76
uses-permission#android.permission.READ_EXTERNAL_STORAGE
ADDED from src/main/AndroidManifest.xml:14:5-79
	android:name
		ADDED from src/main/AndroidManifest.xml:14:22-77
application
ADDED from src/main/AndroidManifest.xml:15:5-64:19
	android:label
		ADDED from src/main/AndroidManifest.xml:17:9-41
	android:launchMode
		ADDED from src/main/AndroidManifest.xml:19:9-40
	android:icon
		ADDED from src/main/AndroidManifest.xml:16:9-39
	android:allowBackup
		ADDED from src/main/AndroidManifest.xml:20:9-35
	android:description
		ADDED from src/main/AndroidManifest.xml:18:9-54
	android:theme
		ADDED from src/main/AndroidManifest.xml:21:9-47
uses-library#org.apache.http.legacy
ADDED from src/main/AndroidManifest.xml:23:9-87
	android:required
		ADDED from src/main/AndroidManifest.xml:23:61-85
	android:name
		ADDED from src/main/AndroidManifest.xml:23:23-60
activity#com.mumet.abatidoda.curiousme.VideoPlayback.ui.ActivityList.ActivitySplashScreen
ADDED from src/main/AndroidManifest.xml:25:9-36:21
	android:screenOrientation
		ADDED from src/main/AndroidManifest.xml:28:13-49
	android:noHistory
		ADDED from src/main/AndroidManifest.xml:29:13-37
	android:configChanges
		ADDED from src/main/AndroidManifest.xml:27:13-63
	android:name
		ADDED from src/main/AndroidManifest.xml:26:13-108
intent-filter#action:name:android.intent.action.MAIN+category:name:android.intent.category.LAUNCHER
ADDED from src/main/AndroidManifest.xml:31:13-35:29
action#android.intent.action.MAIN
ADDED from src/main/AndroidManifest.xml:32:17-69
	android:name
		ADDED from src/main/AndroidManifest.xml:32:25-66
category#android.intent.category.LAUNCHER
ADDED from src/main/AndroidManifest.xml:34:17-77
	android:name
		ADDED from src/main/AndroidManifest.xml:34:27-74
activity#com.mumet.abatidoda.curiousme.VideoPlayback.ui.ActivityList.AboutScreen
ADDED from src/main/AndroidManifest.xml:38:10-43:20
	android:screenOrientation
		ADDED from src/main/AndroidManifest.xml:41:13-49
	android:configChanges
		ADDED from src/main/AndroidManifest.xml:40:13-63
	android:name
		ADDED from src/main/AndroidManifest.xml:39:13-99
activity#com.mumet.abatidoda.curiousme.VideoPlayback.app.VideoPlayback.VideoPlayback
ADDED from src/main/AndroidManifest.xml:45:9-50:15
	android:launchMode
		ADDED from src/main/AndroidManifest.xml:49:11-42
	android:configChanges
		ADDED from src/main/AndroidManifest.xml:47:13-93
	android:theme
		ADDED from src/main/AndroidManifest.xml:48:10-48
	android:name
		ADDED from src/main/AndroidManifest.xml:46:13-103
activity#com.mumet.abatidoda.curiousme.VideoPlayback.app.VideoPlayback.FullscreenPlayback
ADDED from src/main/AndroidManifest.xml:51:9-62:20
	android:screenOrientation
		ADDED from src/main/AndroidManifest.xml:55:11-48
	android:label
		ADDED from src/main/AndroidManifest.xml:51:19-51
	android:launchMode
		ADDED from src/main/AndroidManifest.xml:54:11-40
	android:exported
		ADDED from src/main/AndroidManifest.xml:56:13-37
	android:configChanges
		ADDED from src/main/AndroidManifest.xml:53:13-93
	android:name
		ADDED from src/main/AndroidManifest.xml:52:13-108
intent-filter#action:name:android.intent.action.VIEW
ADDED from src/main/AndroidManifest.xml:58:13-60:29
action#android.intent.action.VIEW
ADDED from src/main/AndroidManifest.xml:59:17-69
	android:name
		ADDED from src/main/AndroidManifest.xml:59:25-66
uses-sdk
INJECTED from src/main/AndroidManifest.xml reason: use-sdk injection requested
INJECTED from src/main/AndroidManifest.xml
INJECTED from src/main/AndroidManifest.xml
INJECTED from src/main/AndroidManifest.xml
INJECTED from src/main/AndroidManifest.xml
	android:targetSdkVersion
		INJECTED from src/main/AndroidManifest.xml
		ADDED from src/main/AndroidManifest.xml
		INJECTED from src/main/AndroidManifest.xml
	android:minSdkVersion
		INJECTED from src/main/AndroidManifest.xml
		ADDED from src/main/AndroidManifest.xml
		INJECTED from src/main/AndroidManifest.xml